[debug] [2026-03-26T12:39:24.377Z] ----------------------------------------------------------------------
[debug] [2026-03-26T12:39:24.385Z] Command:       C:\Program Files\nodejs\node.exe C:\Users\hvgau.LAPTOP-7C6COKFO\AppData\Roaming\npm\node_modules\firebase-tools\lib\bin\firebase.js init
[debug] [2026-03-26T12:39:24.386Z] CLI Version:   15.11.0
[debug] [2026-03-26T12:39:24.386Z] Platform:      win32
[debug] [2026-03-26T12:39:24.387Z] Node Version:  v24.13.0
[debug] [2026-03-26T12:39:24.387Z] Time:          Thu Mar 26 2026 09:39:24 GMT-0300 (Horário Padrão de Brasília)
[debug] [2026-03-26T12:39:24.388Z] ----------------------------------------------------------------------
[debug] 
[info] 
     ######## #### ########  ######## ########     ###     ######  ########
     ##        ##  ##     ## ##       ##     ##  ##   ##  ##       ##
     ######    ##  ########  ######   ########  #########  ######  ######
     ##        ##  ##    ##  ##       ##     ## ##     ##       ## ##
     ##       #### ##     ## ######## ########  ##     ##  ######  ########

You're about to initialize a Firebase project in this directory:

  C:\Users\hvgau.LAPTOP-7C6COKFO\Documents\projetos\onepiecerpg

[info] 
=== Project Setup
[info] 
[info] First, let's associate this project directory with a Firebase project.
[info] You can create multiple project aliases by running firebase use --add, 
[info] 
[debug] [2026-03-26T12:40:28.337Z] > command requires scopes: ["email","openid","https://www.googleapis.com/auth/cloudplatformprojects.readonly","https://www.googleapis.com/auth/firebase","https://www.googleapis.com/auth/cloud-platform"]
[debug] [2026-03-26T12:40:28.339Z] > authorizing via signed-in user (canalhbit@gmail.com)
[debug] [2026-03-26T12:40:28.343Z] Checked if tokens are valid: true, expires at: 1774532354335
[debug] [2026-03-26T12:40:28.343Z] Checked if tokens are valid: true, expires at: 1774532354335
[debug] [2026-03-26T12:40:28.347Z] >>> [apiv2][query] GET https://firebase.googleapis.com/v1beta1/projects pageSize=100
[debug] [2026-03-26T12:40:29.307Z] <<< [apiv2][status] GET https://firebase.googleapis.com/v1beta1/projects 200
[debug] [2026-03-26T12:40:29.307Z] <<< [apiv2][body] GET https://firebase.googleapis.com/v1beta1/projects [omitted]
[info] 
=== Dataconnect Setup
[info] i  dataconnect: ensuring required API firebasedataconnect.googleapis.com is enabled... 
[debug] [2026-03-26T12:40:33.476Z] Checked if tokens are valid: true, expires at: 1774532354335
[debug] [2026-03-26T12:40:33.476Z] Checked if tokens are valid: true, expires at: 1774532354335
[info] i  dataconnect: ensuring required API sqladmin.googleapis.com is enabled... 
[debug] [2026-03-26T12:40:33.478Z] Checked if tokens are valid: true, expires at: 1774532354335
[debug] [2026-03-26T12:40:33.478Z] Checked if tokens are valid: true, expires at: 1774532354335
[debug] [2026-03-26T12:40:33.478Z] >>> [apiv2][query] GET https://serviceusage.googleapis.com/v1/projects/em-busca-do-one-piece-rpg/services/firebasedataconnect.googleapis.com [none]
[debug] [2026-03-26T12:40:33.479Z] >>> [apiv2][(partial)header] GET https://serviceusage.googleapis.com/v1/projects/em-busca-do-one-piece-rpg/services/firebasedataconnect.googleapis.com  x-goog-user-project=em-busca-do-one-piece-rpg
[debug] [2026-03-26T12:40:33.481Z] >>> [apiv2][query] GET https://serviceusage.googleapis.com/v1/projects/em-busca-do-one-piece-rpg/services/sqladmin.googleapis.com [none]
[debug] [2026-03-26T12:40:33.481Z] >>> [apiv2][(partial)header] GET https://serviceusage.googleapis.com/v1/projects/em-busca-do-one-piece-rpg/services/sqladmin.googleapis.com  x-goog-user-project=em-busca-do-one-piece-rpg
[debug] [2026-03-26T12:40:34.610Z] <<< [apiv2][status] GET https://serviceusage.googleapis.com/v1/projects/em-busca-do-one-piece-rpg/services/sqladmin.googleapis.com 200
[debug] [2026-03-26T12:40:34.610Z] <<< [apiv2][body] GET https://serviceusage.googleapis.com/v1/projects/em-busca-do-one-piece-rpg/services/sqladmin.googleapis.com [omitted]
[warn] !  dataconnect: missing required API sqladmin.googleapis.com. Enabling now... 
[debug] [2026-03-26T12:40:34.612Z] Checked if tokens are valid: true, expires at: 1774532354335
[debug] [2026-03-26T12:40:34.612Z] Checked if tokens are valid: true, expires at: 1774532354335
[debug] [2026-03-26T12:40:34.612Z] >>> [apiv2][query] POST https://serviceusage.googleapis.com/v1/projects/em-busca-do-one-piece-rpg/services/sqladmin.googleapis.com:enable [none]
[debug] [2026-03-26T12:40:34.613Z] >>> [apiv2][(partial)header] POST https://serviceusage.googleapis.com/v1/projects/em-busca-do-one-piece-rpg/services/sqladmin.googleapis.com:enable  x-goog-user-project=em-busca-do-one-piece-rpg
[debug] [2026-03-26T12:40:34.667Z] <<< [apiv2][status] GET https://serviceusage.googleapis.com/v1/projects/em-busca-do-one-piece-rpg/services/firebasedataconnect.googleapis.com 200
[debug] [2026-03-26T12:40:34.667Z] <<< [apiv2][body] GET https://serviceusage.googleapis.com/v1/projects/em-busca-do-one-piece-rpg/services/firebasedataconnect.googleapis.com [omitted]
[warn] !  dataconnect: missing required API firebasedataconnect.googleapis.com. Enabling now... 
[debug] [2026-03-26T12:40:34.668Z] Checked if tokens are valid: true, expires at: 1774532354335
[debug] [2026-03-26T12:40:34.668Z] Checked if tokens are valid: true, expires at: 1774532354335
[debug] [2026-03-26T12:40:34.668Z] >>> [apiv2][query] POST https://serviceusage.googleapis.com/v1/projects/em-busca-do-one-piece-rpg/services/firebasedataconnect.googleapis.com:enable [none]
[debug] [2026-03-26T12:40:34.669Z] >>> [apiv2][(partial)header] POST https://serviceusage.googleapis.com/v1/projects/em-busca-do-one-piece-rpg/services/firebasedataconnect.googleapis.com:enable  x-goog-user-project=em-busca-do-one-piece-rpg
[debug] [2026-03-26T12:40:35.343Z] <<< [apiv2][status] POST https://serviceusage.googleapis.com/v1/projects/em-busca-do-one-piece-rpg/services/sqladmin.googleapis.com:enable 200
[debug] [2026-03-26T12:40:35.344Z] <<< [apiv2][body] POST https://serviceusage.googleapis.com/v1/projects/em-busca-do-one-piece-rpg/services/sqladmin.googleapis.com:enable [omitted]
[debug] [2026-03-26T12:40:35.892Z] <<< [apiv2][status] POST https://serviceusage.googleapis.com/v1/projects/em-busca-do-one-piece-rpg/services/firebasedataconnect.googleapis.com:enable 200
[debug] [2026-03-26T12:40:35.892Z] <<< [apiv2][body] POST https://serviceusage.googleapis.com/v1/projects/em-busca-do-one-piece-rpg/services/firebasedataconnect.googleapis.com:enable [omitted]
[debug] [2026-03-26T12:40:45.908Z] Checked if tokens are valid: true, expires at: 1774532354335
[debug] [2026-03-26T12:40:45.908Z] Checked if tokens are valid: true, expires at: 1774532354335
[debug] [2026-03-26T12:40:45.909Z] >>> [apiv2][query] GET https://firebasedataconnect.googleapis.com/v1/projects/em-busca-do-one-piece-rpg/locations/-/services [none]
[debug] [2026-03-26T12:40:47.251Z] <<< [apiv2][status] GET https://firebasedataconnect.googleapis.com/v1/projects/em-busca-do-one-piece-rpg/locations/-/services 200
[debug] [2026-03-26T12:40:47.252Z] <<< [apiv2][body] GET https://firebasedataconnect.googleapis.com/v1/projects/em-busca-do-one-piece-rpg/locations/-/services {}
[info] i  : ensuring required API cloudaicompanion.googleapis.com is enabled... 
[debug] [2026-03-26T12:41:21.671Z] Checked if tokens are valid: true, expires at: 1774532354335
[debug] [2026-03-26T12:41:21.672Z] Checked if tokens are valid: true, expires at: 1774532354335
[debug] [2026-03-26T12:41:21.672Z] >>> [apiv2][query] GET https://serviceusage.googleapis.com/v1/projects/em-busca-do-one-piece-rpg/services/cloudaicompanion.googleapis.com [none]
[debug] [2026-03-26T12:41:21.672Z] >>> [apiv2][(partial)header] GET https://serviceusage.googleapis.com/v1/projects/em-busca-do-one-piece-rpg/services/cloudaicompanion.googleapis.com  x-goog-user-project=em-busca-do-one-piece-rpg
[debug] [2026-03-26T12:41:22.663Z] <<< [apiv2][status] GET https://serviceusage.googleapis.com/v1/projects/em-busca-do-one-piece-rpg/services/cloudaicompanion.googleapis.com 200
[debug] [2026-03-26T12:41:22.664Z] <<< [apiv2][body] GET https://serviceusage.googleapis.com/v1/projects/em-busca-do-one-piece-rpg/services/cloudaicompanion.googleapis.com [omitted]
[info] +  : required API cloudaicompanion.googleapis.com is enabled 
[debug] [2026-03-26T12:42:13.673Z] ExitPromptError: User force closed the prompt with SIGINT
    at Interface.sigint (C:\Users\hvgau.LAPTOP-7C6COKFO\AppData\Roaming\npm\node_modules\firebase-tools\node_modules\@inquirer\core\dist\commonjs\lib\create-prompt.js:101:37)
    at Interface.emit (node:events:508:28)
    at [_ttyWrite] [as _ttyWrite] (node:internal/readline/interface:1327:18)
    at ReadStream.onkeypress (node:internal/readline/interface:284:20)
    at ReadStream.emit (node:events:520:35)
    at emitKeys (node:internal/readline/utils:371:14)
    at emitKeys.next (<anonymous>)
    at ReadStream.onData (node:internal/readline/emitKeypressEvents:64:36)
    at ReadStream.emit (node:events:508:28)
    at addChunk (node:internal/streams/readable:559:12)
[error] 
[error] Error: An unexpected error has occurred.
